<?xml version="1.0" encoding="UTF-8"?>
<!-- Generated by org.testng.reporters.JUnitReportReporter -->
<testsuite hostname="Sarvagni" failures="0" tests="3" name="testRun.testExecution" time="119.788" errors="0" timestamp="2021-09-05T21:30:30 IST" skipped="0">
  <testcase classname="testRun.testExecution" name="pets" time="60.704"/>
  <system-out/>
  <testcase classname="testRun.testExecution" name="userCreation" time="35.220"/>
  <system-out/>
  <testcase classname="testRun.testExecution" name="ordersPlacing" time="23.864"/>
  <system-out/>
</testsuite> <!-- testRun.testExecution -->
